  [4;36;1mSQL (0.000594)[0m   [0;1m SELECT name
 FROM sqlite_master
 WHERE type = 'table' AND NOT name = 'sqlite_sequence'
[0m
  [4;35;1mSQL (0.000181)[0m   [0mselect sqlite_version(*)[0m
  [4;36;1mSQL (0.202362)[0m   [0;1mCREATE TABLE "schema_migrations" ("version" varchar(255) NOT NULL) [0m
  [4;35;1mSQL (0.001442)[0m   [0mCREATE UNIQUE INDEX "unique_schema_migrations" ON "schema_migrations" ("version")[0m
  [4;36;1mSQL (0.000323)[0m   [0;1m SELECT name
 FROM sqlite_master
 WHERE type = 'table' AND NOT name = 'sqlite_sequence'
[0m
  [4;35;1mSQL (0.000108)[0m   [0mSELECT version FROM schema_migrations[0m
Migrating to CreateProducts (20080927051702)
  [4;36;1mSQL (0.000075)[0m   [0;1mSELECT version FROM schema_migrations[0m
  [4;35;1mSQL (0.004544)[0m   [0mCREATE TABLE "products" ("id" INTEGER PRIMARY KEY AUTOINCREMENT NOT NULL, "title" varchar(255) DEFAULT NULL NULL, "description" text DEFAULT NULL NULL, "image_url" varchar(255) DEFAULT NULL NULL, "created_at" datetime DEFAULT NULL NULL, "updated_at" datetime DEFAULT NULL NULL) [0m
  [4;36;1mSQL (0.000667)[0m   [0;1mINSERT INTO schema_migrations (version) VALUES ('20080927051702')[0m
  [4;35;1mSQL (0.000183)[0m   [0mSELECT version FROM schema_migrations[0m
  [4;36;1mSQL (0.000193)[0m   [0;1m SELECT name
 FROM sqlite_master
 WHERE type = 'table' AND NOT name = 'sqlite_sequence'
[0m
  [4;35;1mSQL (0.000051)[0m   [0mPRAGMA index_list("products")[0m
  [4;36;1mProduct Create (0.000474)[0m   [0;1mINSERT INTO "products" ("created_at", "title", "image_url", "updated_at", "description") VALUES('2008-09-27 05:19:36', 'product #0', NULL, '2008-09-27 05:19:36', 'a product')[0m
  [4;35;1mProduct Create (0.000229)[0m   [0mINSERT INTO "products" ("created_at", "title", "image_url", "updated_at", "description") VALUES('2008-09-27 05:19:37', 'product #1', NULL, '2008-09-27 05:19:37', 'a product')[0m
  [4;36;1mProduct Create (0.000203)[0m   [0;1mINSERT INTO "products" ("created_at", "title", "image_url", "updated_at", "description") VALUES('2008-09-27 05:19:37', 'product #2', NULL, '2008-09-27 05:19:37', 'a product')[0m
  [4;35;1mProduct Create (0.000145)[0m   [0mINSERT INTO "products" ("created_at", "title", "image_url", "updated_at", "description") VALUES('2008-09-27 05:19:37', 'product #3', NULL, '2008-09-27 05:19:37', 'a product')[0m
  [4;36;1mProduct Create (0.000197)[0m   [0;1mINSERT INTO "products" ("created_at", "title", "image_url", "updated_at", "description") VALUES('2008-09-27 05:19:37', 'product #4', NULL, '2008-09-27 05:19:37', 'a product')[0m
  [4;35;1mProduct Create (0.000148)[0m   [0mINSERT INTO "products" ("created_at", "title", "image_url", "updated_at", "description") VALUES('2008-09-27 05:19:37', 'product #5', NULL, '2008-09-27 05:19:37', 'a product')[0m
  [4;36;1mProduct Create (0.000142)[0m   [0;1mINSERT INTO "products" ("created_at", "title", "image_url", "updated_at", "description") VALUES('2008-09-27 05:19:37', 'product #6', NULL, '2008-09-27 05:19:37', 'a product')[0m
  [4;35;1mProduct Create (0.000151)[0m   [0mINSERT INTO "products" ("created_at", "title", "image_url", "updated_at", "description") VALUES('2008-09-27 05:19:37', 'product #7', NULL, '2008-09-27 05:19:37', 'a product')[0m
  [4;36;1mProduct Create (0.000147)[0m   [0;1mINSERT INTO "products" ("created_at", "title", "image_url", "updated_at", "description") VALUES('2008-09-27 05:19:37', 'product #8', NULL, '2008-09-27 05:19:37', 'a product')[0m
  [4;35;1mProduct Create (0.000139)[0m   [0mINSERT INTO "products" ("created_at", "title", "image_url", "updated_at", "description") VALUES('2008-09-27 05:19:37', 'product #9', NULL, '2008-09-27 05:19:37', 'a product')[0m
  [4;36;1mProduct Load (0.001843)[0m   [0;1mSELECT * FROM "products" [0m
  [4;35;1mSQL (0.000641)[0m   [0m SELECT name
 FROM sqlite_master
 WHERE type = 'table' AND NOT name = 'sqlite_sequence'
[0m
  [4;36;1mSQL (0.000441)[0m   [0;1m SELECT name
 FROM sqlite_master
 WHERE type = 'table' AND NOT name = 'sqlite_sequence'
[0m
  [4;35;1mSQL (0.000459)[0m   [0m SELECT name
 FROM sqlite_master
 WHERE type = 'table' AND NOT name = 'sqlite_sequence'
[0m
  [4;36;1mSQL (0.000515)[0m   [0;1m SELECT name
 FROM sqlite_master
 WHERE type = 'table' AND NOT name = 'sqlite_sequence'
[0m


Processing ApplicationController#index (for  at 2008-09-26 22:51:29) [GET]
  Session ID: 4b77bc5c09a8aab6b98bcffe03ff14f3
  Parameters: {}


ActionController::RoutingError (No route matches "" with {:method=>:get}):
    /home/mumoshu/.ruby/lib/ruby/gems/1.8/gems/actionpack-2.1.0/lib/action_controller/routing/recognition_optimisation.rb:67:in `recognize_path'
    /home/mumoshu/.ruby/lib/ruby/gems/1.8/gems/actionpack-2.1.0/lib/action_controller/routing/route_set.rb:384:in `recognize'
    /home/mumoshu/.ruby/lib/ruby/gems/1.8/gems/actionpack-2.1.0/lib/action_controller/dispatcher.rb:148:in `handle_request'
    /home/mumoshu/.ruby/lib/ruby/gems/1.8/gems/actionpack-2.1.0/lib/action_controller/dispatcher.rb:107:in `dispatch'
    /home/mumoshu/.ruby/lib/ruby/gems/1.8/gems/actionpack-2.1.0/lib/action_controller/dispatcher.rb:104:in `synchronize'
    /home/mumoshu/.ruby/lib/ruby/gems/1.8/gems/actionpack-2.1.0/lib/action_controller/dispatcher.rb:104:in `dispatch'
    /home/mumoshu/.ruby/lib/ruby/gems/1.8/gems/actionpack-2.1.0/lib/action_controller/dispatcher.rb:120:in `dispatch_cgi'
    /home/mumoshu/.ruby/lib/ruby/gems/1.8/gems/actionpack-2.1.0/lib/action_controller/dispatcher.rb:35:in `dispatch'
    ./dispatch.cgi:10

Rendering /home/mumoshu/.ruby/lib/ruby/gems/1.8/gems/actionpack-2.1.0/lib/action_controller/templates/rescues/layout.erb (not_found)


Processing ApplicationController#index (for  at 2008-09-26 22:51:48) [GET]
  Session ID: 7ed1250a70847ca683b53598dd3454d2
  Parameters: {}


ActionController::RoutingError (No route matches "" with {:method=>:get}):
    /home/mumoshu/.ruby/lib/ruby/gems/1.8/gems/actionpack-2.1.0/lib/action_controller/routing/recognition_optimisation.rb:67:in `recognize_path'
    /home/mumoshu/.ruby/lib/ruby/gems/1.8/gems/actionpack-2.1.0/lib/action_controller/routing/route_set.rb:384:in `recognize'
    /home/mumoshu/.ruby/lib/ruby/gems/1.8/gems/actionpack-2.1.0/lib/action_controller/dispatcher.rb:148:in `handle_request'
    /home/mumoshu/.ruby/lib/ruby/gems/1.8/gems/actionpack-2.1.0/lib/action_controller/dispatcher.rb:107:in `dispatch'
    /home/mumoshu/.ruby/lib/ruby/gems/1.8/gems/actionpack-2.1.0/lib/action_controller/dispatcher.rb:104:in `synchronize'
    /home/mumoshu/.ruby/lib/ruby/gems/1.8/gems/actionpack-2.1.0/lib/action_controller/dispatcher.rb:104:in `dispatch'
    /home/mumoshu/.ruby/lib/ruby/gems/1.8/gems/actionpack-2.1.0/lib/action_controller/dispatcher.rb:120:in `dispatch_cgi'
    /home/mumoshu/.ruby/lib/ruby/gems/1.8/gems/actionpack-2.1.0/lib/action_controller/dispatcher.rb:35:in `dispatch'
    ./dispatch.rb:10

Rendering /home/mumoshu/.ruby/lib/ruby/gems/1.8/gems/actionpack-2.1.0/lib/action_controller/templates/rescues/layout.erb (not_found)


Processing ApplicationController#index (for  at 2008-09-26 22:51:53) [GET]
  Session ID: 37ceea219b2be6af70e701d499908d19
  Parameters: {}


ActionController::RoutingError (No route matches "" with {:method=>:get}):
    /home/mumoshu/.ruby/lib/ruby/gems/1.8/gems/actionpack-2.1.0/lib/action_controller/routing/recognition_optimisation.rb:67:in `recognize_path'
    /home/mumoshu/.ruby/lib/ruby/gems/1.8/gems/actionpack-2.1.0/lib/action_controller/routing/route_set.rb:384:in `recognize'
    /home/mumoshu/.ruby/lib/ruby/gems/1.8/gems/actionpack-2.1.0/lib/action_controller/dispatcher.rb:148:in `handle_request'
    /home/mumoshu/.ruby/lib/ruby/gems/1.8/gems/actionpack-2.1.0/lib/action_controller/dispatcher.rb:107:in `dispatch'
    /home/mumoshu/.ruby/lib/ruby/gems/1.8/gems/actionpack-2.1.0/lib/action_controller/dispatcher.rb:104:in `synchronize'
    /home/mumoshu/.ruby/lib/ruby/gems/1.8/gems/actionpack-2.1.0/lib/action_controller/dispatcher.rb:104:in `dispatch'
    /home/mumoshu/.ruby/lib/ruby/gems/1.8/gems/actionpack-2.1.0/lib/action_controller/dispatcher.rb:120:in `dispatch_cgi'
    /home/mumoshu/.ruby/lib/ruby/gems/1.8/gems/actionpack-2.1.0/lib/action_controller/dispatcher.rb:35:in `dispatch'
    ./dispatch.cgi:10

Rendering /home/mumoshu/.ruby/lib/ruby/gems/1.8/gems/actionpack-2.1.0/lib/action_controller/templates/rescues/layout.erb (not_found)


Processing ApplicationController#index (for  at 2008-09-26 22:56:15) [GET]
  Session ID: e3fe02bf79a1857744f327bf11c9ea7f
  Parameters: {}


ActionController::RoutingError (No route matches "" with {:method=>:get}):
    /home/mumoshu/.ruby/lib/ruby/gems/1.8/gems/actionpack-2.1.0/lib/action_controller/routing/recognition_optimisation.rb:67:in `recognize_path'
    /home/mumoshu/.ruby/lib/ruby/gems/1.8/gems/actionpack-2.1.0/lib/action_controller/routing/route_set.rb:384:in `recognize'
    /home/mumoshu/.ruby/lib/ruby/gems/1.8/gems/actionpack-2.1.0/lib/action_controller/dispatcher.rb:148:in `handle_request'
    /home/mumoshu/.ruby/lib/ruby/gems/1.8/gems/actionpack-2.1.0/lib/action_controller/dispatcher.rb:107:in `dispatch'
    /home/mumoshu/.ruby/lib/ruby/gems/1.8/gems/actionpack-2.1.0/lib/action_controller/dispatcher.rb:104:in `synchronize'
    /home/mumoshu/.ruby/lib/ruby/gems/1.8/gems/actionpack-2.1.0/lib/action_controller/dispatcher.rb:104:in `dispatch'
    /home/mumoshu/.ruby/lib/ruby/gems/1.8/gems/actionpack-2.1.0/lib/action_controller/dispatcher.rb:120:in `dispatch_cgi'
    /home/mumoshu/.ruby/lib/ruby/gems/1.8/gems/actionpack-2.1.0/lib/action_controller/dispatcher.rb:35:in `dispatch'
    ./dispatch.cgi:10

Rendering /home/mumoshu/.ruby/lib/ruby/gems/1.8/gems/actionpack-2.1.0/lib/action_controller/templates/rescues/layout.erb (not_found)


Processing ApplicationController#index (for  at 2008-09-26 22:56:19) [GET]
  Session ID: 84af57c52b8c10c57f80fb06da9f7da1
  Parameters: {}


ActionController::RoutingError (No route matches "" with {:method=>:get}):
    /home/mumoshu/.ruby/lib/ruby/gems/1.8/gems/actionpack-2.1.0/lib/action_controller/routing/recognition_optimisation.rb:67:in `recognize_path'
    /home/mumoshu/.ruby/lib/ruby/gems/1.8/gems/actionpack-2.1.0/lib/action_controller/routing/route_set.rb:384:in `recognize'
    /home/mumoshu/.ruby/lib/ruby/gems/1.8/gems/actionpack-2.1.0/lib/action_controller/dispatcher.rb:148:in `handle_request'
    /home/mumoshu/.ruby/lib/ruby/gems/1.8/gems/actionpack-2.1.0/lib/action_controller/dispatcher.rb:107:in `dispatch'
    /home/mumoshu/.ruby/lib/ruby/gems/1.8/gems/actionpack-2.1.0/lib/action_controller/dispatcher.rb:104:in `synchronize'
    /home/mumoshu/.ruby/lib/ruby/gems/1.8/gems/actionpack-2.1.0/lib/action_controller/dispatcher.rb:104:in `dispatch'
    /home/mumoshu/.ruby/lib/ruby/gems/1.8/gems/actionpack-2.1.0/lib/action_controller/dispatcher.rb:120:in `dispatch_cgi'
    /home/mumoshu/.ruby/lib/ruby/gems/1.8/gems/actionpack-2.1.0/lib/action_controller/dispatcher.rb:35:in `dispatch'
    ./dispatch.cgi:10

Rendering /home/mumoshu/.ruby/lib/ruby/gems/1.8/gems/actionpack-2.1.0/lib/action_controller/templates/rescues/layout.erb (not_found)


Processing InfoController#properties (for 120.74.222.234 at 2008-09-27 02:39:38) [GET]
  Session ID: 8f9dc97bf793f7da8d3f4ffa854605d3
  Parameters: {"action"=>"properties", "controller"=>"rails/info"}


Processing ProductsController#index (for 120.74.222.234 at 2008-09-27 02:39:39) [GET]
  Session ID: 8eec6c3dea46b2bb3f51dc5a3a43ffcf
  Parameters: {"action"=>"index", "controller"=>"products"}
Completed in 0.00166 (603 reqs/sec) | Rendering: 0.00031 (18%) | DB: 0.00000 (0%) | 500 Internal Server Error [http://mumoshu.com/depot/rails/info/properties]
  [4;36;1mProduct Load (0.031738)[0m   [0;1mSELECT * FROM "products" [0m
Rendering template within layouts/products
Rendering products/index
Completed in 0.18919 (5 reqs/sec) | Rendering: 0.09938 (52%) | DB: 0.03174 (16%) | 200 OK [http://mumoshu.com/depot/products]


Processing ProductsController#index (for 120.74.222.234 at 2008-09-27 05:23:55) [GET]
  Session ID: BAh7BzoMY3NyZl9pZCIlMDMyNzYzYzA1NzdlNzdiMWJjYWQ2MGQ1Yzc0NTZl
MWQiCmZsYXNoSUM6J0FjdGlvbkNvbnRyb2xsZXI6OkZsYXNoOjpGbGFzaEhh
c2h7AAY6CkB1c2VkewA=--599f60668fd9f4aa24aca76b780f16391b6c8162
  Parameters: {"action"=>"index", "controller"=>"products"}
  [4;36;1mProduct Load (0.001904)[0m   [0;1mSELECT * FROM "products" [0m
Rendering template within layouts/products
Rendering products/index
Completed in 0.07229 (13 reqs/sec) | Rendering: 0.01157 (15%) | DB: 0.00190 (2%) | 200 OK [http://mumoshu.com/depot/products]


Processing ProductsController#index (for 120.74.222.234 at 2008-09-27 05:24:43) [GET]
  Session ID: BAh7BzoMY3NyZl9pZCIlMDMyNzYzYzA1NzdlNzdiMWJjYWQ2MGQ1Yzc0NTZl
MWQiCmZsYXNoSUM6J0FjdGlvbkNvbnRyb2xsZXI6OkZsYXNoOjpGbGFzaEhh
c2h7AAY6CkB1c2VkewA=--599f60668fd9f4aa24aca76b780f16391b6c8162
  Parameters: {"action"=>"index", "controller"=>"products"}
  [4;36;1mProduct Load (0.001589)[0m   [0;1mSELECT * FROM "products" [0m
Rendering template within layouts/products
Rendering products/index
Completed in 0.05984 (16 reqs/sec) | Rendering: 0.00733 (12%) | DB: 0.00159 (2%) | 200 OK [http://mumoshu.com/depot/products]
  [4;36;1mSQL (0.000999)[0m   [0;1m SELECT name
 FROM sqlite_master
 WHERE type = 'table' AND NOT name = 'sqlite_sequence'
[0m
  [4;35;1mSQL (0.000220)[0m   [0mSELECT version FROM schema_migrations[0m
Migrating to CreateProducts (20080927051702)
  [4;36;1mSQL (0.000140)[0m   [0;1mSELECT version FROM schema_migrations[0m
Migrating to AddPriceToProduct (20080927131434)
  [4;35;1mSQL (0.000138)[0m   [0mSELECT version FROM schema_migrations[0m
  [4;36;1mSQL (0.000145)[0m   [0;1mselect sqlite_version(*)[0m
  [4;35;1mSQL (0.006339)[0m   [0mALTER TABLE "products" ADD "price" decimal(8,2) DEFAULT 0[0m
  [4;36;1mSQL (0.002371)[0m   [0;1mVACUUM[0m
  [4;35;1mSQL (0.001369)[0m   [0mINSERT INTO schema_migrations (version) VALUES ('20080927131434')[0m
  [4;36;1mSQL (0.004465)[0m   [0;1mSELECT version FROM schema_migrations[0m
  [4;35;1mSQL (0.000247)[0m   [0m SELECT name
 FROM sqlite_master
 WHERE type = 'table' AND NOT name = 'sqlite_sequence'
[0m
  [4;36;1mSQL (0.000052)[0m   [0;1mPRAGMA index_list("products")[0m


Processing ProductsController#index (for 120.74.222.234 at 2008-09-27 06:40:41) [GET]
  Session ID: 6017c8a3d951685f72a3f626af5ed864
  Parameters: {"action"=>"index", "controller"=>"products"}
  [4;36;1mProduct Load (0.001716)[0m   [0;1mSELECT * FROM "products" [0m
Rendering template within layouts/products
Rendering products/index
Completed in 0.06772 (14 reqs/sec) | Rendering: 0.00803 (11%) | DB: 0.00172 (2%) | 200 OK [http://mumoshu.com/depot/products]


Processing ProductsController#new (for 120.74.222.234 at 2008-09-27 06:40:47) [GET]
  Session ID: BAh7BzoMY3NyZl9pZCIlNDQzZTVmMjAxZGQ5YmM0MWQxZjE5NmM3OTRjZTNh
MDgiCmZsYXNoSUM6J0FjdGlvbkNvbnRyb2xsZXI6OkZsYXNoOjpGbGFzaEhh
c2h7AAY6CkB1c2VkewA=--0c1c74945ae07c10e46f7236766edc34d739d841
  Parameters: {"action"=>"new", "controller"=>"products"}
Rendering template within layouts/products
Rendering products/new
Completed in 0.07221 (13 reqs/sec) | Rendering: 0.01417 (19%) | DB: 0.00000 (0%) | 200 OK [http://mumoshu.com/depot/products/new]


Processing ProductsController#create (for 120.74.222.234 at 2008-09-27 06:40:53) [POST]
  Session ID: BAh7BzoMY3NyZl9pZCIlNDQzZTVmMjAxZGQ5YmM0MWQxZjE5NmM3OTRjZTNh
MDgiCmZsYXNoSUM6J0FjdGlvbkNvbnRyb2xsZXI6OkZsYXNoOjpGbGFzaEhh
c2h7AAY6CkB1c2VkewA=--0c1c74945ae07c10e46f7236766edc34d739d841
  Parameters: {"commit"=>"Create", "authenticity_token"=>"c3961c357c8c18faa7335ac3e765a25566dba551", "action"=>"create", "product"=>{"title"=>"", "image_url"=>"", "description"=>""}, "controller"=>"products"}
  [4;36;1mSQL (0.000173)[0m   [0;1mSELECT "title" FROM "products" WHERE ("products".title = '') [0m
Rendering template within layouts/products
Rendering products/new
Completed in 0.06512 (15 reqs/sec) | Rendering: 0.00353 (5%) | DB: 0.00017 (0%) | 200 OK [http://mumoshu.com/depot/products]


Processing ProductsController#new (for 202.218.147.251 at 2008-09-27 06:41:26) [GET]
  Session ID: 63ced728c47b53ecc6e253cab96974f2
  Parameters: {"action"=>"new", "controller"=>"products"}
Rendering template within layouts/products
Rendering products/new
Completed in 0.06268 (15 reqs/sec) | Rendering: 0.00608 (9%) | DB: 0.00000 (0%) | 200 OK [http://mumoshu.com/depot/products/new]


Processing ProductsController#create (for 120.74.222.234 at 2008-09-27 06:42:02) [POST]
  Session ID: BAh7BzoMY3NyZl9pZCIlNDQzZTVmMjAxZGQ5YmM0MWQxZjE5NmM3OTRjZTNh
MDgiCmZsYXNoSUM6J0FjdGlvbkNvbnRyb2xsZXI6OkZsYXNoOjpGbGFzaEhh
c2h7AAY6CkB1c2VkewA=--0c1c74945ae07c10e46f7236766edc34d739d841
  Parameters: {"commit"=>"Create", "authenticity_token"=>"c3961c357c8c18faa7335ac3e765a25566dba551", "action"=>"create", "product"=>{"title"=>"product a", "image_url"=>"a", "description"=>"a new product"}, "controller"=>"products"}
  [4;36;1mSQL (0.000160)[0m   [0;1mSELECT "title" FROM "products" WHERE ("products".title = 'product a') [0m
Rendering template within layouts/products
Rendering products/new
Completed in 0.06293 (15 reqs/sec) | Rendering: 0.00341 (5%) | DB: 0.00016 (0%) | 200 OK [http://mumoshu.com/depot/products]


Processing ProductsController#new (for 219.94.149.193 at 2008-09-27 06:44:34) [GET]
  Session ID: 0368001e477ee0ffd63e530c5239c6e8
  Parameters: {"action"=>"new", "controller"=>"products"}
Rendering template within layouts/products
Rendering products/new
Completed in 0.05966 (16 reqs/sec) | Rendering: 0.00543 (9%) | DB: 0.00000 (0%) | 200 OK [http://mumoshu.com/depot/products/new]


Processing ProductsController#index (for 120.74.222.234 at 2008-09-27 07:24:59) [GET]
  Session ID: BAh7BzoMY3NyZl9pZCIlNDQzZTVmMjAxZGQ5YmM0MWQxZjE5NmM3OTRjZTNh
MDgiCmZsYXNoSUM6J0FjdGlvbkNvbnRyb2xsZXI6OkZsYXNoOjpGbGFzaEhh
c2h7AAY6CkB1c2VkewA=--0c1c74945ae07c10e46f7236766edc34d739d841
  Parameters: {"action"=>"index", "controller"=>"products"}
  [4;36;1mProduct Load (0.059747)[0m   [0;1mSELECT * FROM "products" [0m
Rendering template within layouts/products
Rendering products/index
Completed in 0.07771 (12 reqs/sec) | Rendering: 0.00785 (10%) | DB: 0.05975 (76%) | 200 OK [http://mumoshu.com/depot/products]


Processing ProductsController#index (for 120.74.222.234 at 2008-09-27 07:25:45) [GET]
  Session ID: BAh7BzoMY3NyZl9pZCIlNDQzZTVmMjAxZGQ5YmM0MWQxZjE5NmM3OTRjZTNh
MDgiCmZsYXNoSUM6J0FjdGlvbkNvbnRyb2xsZXI6OkZsYXNoOjpGbGFzaEhh
c2h7AAY6CkB1c2VkewA=--0c1c74945ae07c10e46f7236766edc34d739d841
  Parameters: {"action"=>"index", "controller"=>"products"}
  [4;36;1mProduct Load (0.046573)[0m   [0;1mSELECT * FROM "products" [0m
Rendering template within layouts/products
Rendering products/index
Completed in 0.06317 (15 reqs/sec) | Rendering: 0.00765 (12%) | DB: 0.04657 (73%) | 200 OK [http://mumoshu.com/depot/products]


Processing ProductsController#index (for 120.74.222.234 at 2008-09-27 07:26:10) [GET]
  Session ID: BAh7BzoMY3NyZl9pZCIlNDQzZTVmMjAxZGQ5YmM0MWQxZjE5NmM3OTRjZTNh
MDgiCmZsYXNoSUM6J0FjdGlvbkNvbnRyb2xsZXI6OkZsYXNoOjpGbGFzaEhh
c2h7AAY6CkB1c2VkewA=--0c1c74945ae07c10e46f7236766edc34d739d841
  Parameters: {"action"=>"index", "controller"=>"products"}
  [4;36;1mProduct Load (0.048708)[0m   [0;1mSELECT * FROM "products" [0m
Rendering template within layouts/products
Rendering products/index
Completed in 0.06636 (15 reqs/sec) | Rendering: 0.00786 (11%) | DB: 0.04871 (73%) | 200 OK [http://mumoshu.com/depot/products]


Processing ProductsController#index (for 120.74.222.234 at 2008-09-27 08:28:53) [GET]
  Session ID: BAh7BzoMY3NyZl9pZCIlNDQzZTVmMjAxZGQ5YmM0MWQxZjE5NmM3OTRjZTNh
MDgiCmZsYXNoSUM6J0FjdGlvbkNvbnRyb2xsZXI6OkZsYXNoOjpGbGFzaEhh
c2h7AAY6CkB1c2VkewA=--0c1c74945ae07c10e46f7236766edc34d739d841
  Parameters: {"action"=>"index", "controller"=>"products"}
  [4;36;1mProduct Load (0.050935)[0m   [0;1mSELECT * FROM "products" [0m
Rendering template within layouts/products
Rendering products/index
Completed in 0.07015 (14 reqs/sec) | Rendering: 0.00881 (12%) | DB: 0.05094 (72%) | 200 OK [http://mumoshu.com/depot/products]


Processing ProductsController#index (for 120.74.222.234 at 2008-09-27 09:18:32) [GET]
  Session ID: BAh7BzoMY3NyZl9pZCIlNDQzZTVmMjAxZGQ5YmM0MWQxZjE5NmM3OTRjZTNh
MDgiCmZsYXNoSUM6J0FjdGlvbkNvbnRyb2xsZXI6OkZsYXNoOjpGbGFzaEhh
c2h7AAY6CkB1c2VkewA=--0c1c74945ae07c10e46f7236766edc34d739d841
  Parameters: {"action"=>"index", "controller"=>"products"}
  [4;36;1mProduct Load (0.061267)[0m   [0;1mSELECT * FROM "products" [0m
Rendering template within layouts/products
Rendering products/index
Completed in 0.08023 (12 reqs/sec) | Rendering: 0.00813 (10%) | DB: 0.06127 (76%) | 200 OK [http://mumoshu.com/depot/products]


Processing ProductsController#index (for 120.74.222.234 at 2008-09-27 09:50:50) [GET]
  Session ID: BAh7BzoMY3NyZl9pZCIlNDQzZTVmMjAxZGQ5YmM0MWQxZjE5NmM3OTRjZTNh
MDgiCmZsYXNoSUM6J0FjdGlvbkNvbnRyb2xsZXI6OkZsYXNoOjpGbGFzaEhh
c2h7AAY6CkB1c2VkewA=--0c1c74945ae07c10e46f7236766edc34d739d841
  Parameters: {"action"=>"index", "controller"=>"products"}
  [4;36;1mProduct Load (0.066510)[0m   [0;1mSELECT * FROM "products" [0m
Rendering template within layouts/products
Rendering products/index
Completed in 0.08504 (11 reqs/sec) | Rendering: 0.00813 (9%) | DB: 0.06651 (78%) | 200 OK [http://mumoshu.com/depot/products]
  [4;36;1mSQL (0.000969)[0m   [0;1m SELECT name
 FROM sqlite_master
 WHERE type = 'table' AND NOT name = 'sqlite_sequence'
[0m
  [4;35;1mSQL (0.000362)[0m   [0mSELECT version FROM schema_migrations[0m
  [4;36;1mSQL (0.000178)[0m   [0;1mSELECT version FROM schema_migrations[0m
Migrating to CreateProducts (20080927051702)
  [4;35;1mSQL (0.000175)[0m   [0mSELECT version FROM schema_migrations[0m
Migrating to AddPriceToProduct (20080927131434)
  [4;36;1mSQL (0.000173)[0m   [0;1mSELECT version FROM schema_migrations[0m
Migrating to AddTestData (20080928110829)
  [4;35;1mSQL (0.000176)[0m   [0mSELECT version FROM schema_migrations[0m
  [4;36;1mProduct Delete all (0.002848)[0m   [0;1mDELETE FROM "products" WHERE 1=1[0m
  [4;35;1mSQL (0.000103)[0m   [0mSELECT "title" FROM "products" WHERE ("products".title = 'Pragmatic Version Control') [0m
  [4;36;1mProduct Create (0.000261)[0m   [0;1mINSERT INTO "products" ("price", "created_at", "title", "image_url", "updated_at", "description") VALUES(28.5, '2008-09-28 11:15:21', 'Pragmatic Version Control', '/images/svn.jpg', '2008-09-28 11:15:21', ' <p>
This book is a recipe-based approach to using Subversion that will
get you up and running quickly---and correctly. ALl projects need 
version control: it''s a foundational piece of any project''s
infrastructure. Yet half of all project teams in the U.S. don''t use
any version control at all. Many others don''t use it well, and end
up experiencing time-consuming problems.
 </p> ')[0m
  [4;35;1mSQL (0.000713)[0m   [0mINSERT INTO schema_migrations (version) VALUES ('20080928110829')[0m
  [4;36;1mSQL (0.000146)[0m   [0;1mselect sqlite_version(*)[0m
  [4;35;1mSQL (0.000234)[0m   [0mSELECT version FROM schema_migrations[0m
  [4;36;1mSQL (0.000190)[0m   [0;1m SELECT name
 FROM sqlite_master
 WHERE type = 'table' AND NOT name = 'sqlite_sequence'
[0m
  [4;35;1mSQL (0.000051)[0m   [0mPRAGMA index_list("products")[0m
